\BOOKMARK [1][-]{section.1}{\376\377\000T\000I\000T\000U\000L\000O}{}% 1
\BOOKMARK [1][-]{section.2}{\376\377\000I\000N\000T\000R\000O\000D\000U\000C\000C\000I\000\323\000N}{}% 2
\BOOKMARK [1][-]{section.3}{\376\377\000P\000R\000O\000B\000L\000E\000M\000A\000T\000I\000Z\000A\000C\000I\000\323\000N}{}% 3
\BOOKMARK [1][-]{section.4}{\376\377\000J\000U\000S\000T\000I\000F\000I\000C\000A\000C\000I\000\323\000N}{}% 4
\BOOKMARK [1][-]{section.5}{\376\377\000F\000O\000R\000M\000U\000L\000A\000C\000I\000\323\000N}{}% 5
\BOOKMARK [2][-]{subsection.5.1}{\376\377\000S\000i\000s\000t\000e\000m\000a\000t\000i\000z\000a\000c\000i\000\363\000n}{section.5}% 6
\BOOKMARK [1][-]{section.6}{\376\377\000O\000B\000J\000E\000T\000I\000V\000O\000S}{}% 7
\BOOKMARK [2][-]{subsection.6.1}{\376\377\000O\000b\000j\000e\000t\000i\000v\000o\000\040\000p\000r\000i\000n\000c\000i\000p\000a\000l}{section.6}% 8
\BOOKMARK [2][-]{subsection.6.2}{\376\377\000O\000b\000j\000e\000t\000i\000v\000o\000s\000\040\000e\000s\000p\000e\000c\000\355\000f\000i\000c\000o\000s}{section.6}% 9
\BOOKMARK [1][-]{section.7}{\376\377\000E\000S\000Q\000U\000E\000M\000A\000\040\000R\000E\000F\000E\000R\000E\000N\000C\000I\000A\000L\000\040\000D\000E\000L\000\040\000M\000A\000R\000C\000O\000\040\000T\000E\000\323\000R\000I\000C\000O}{}% 10
\BOOKMARK [2][-]{subsection.7.1}{\376\377\000M\000a\000r\000c\000o\000\040\000R\000e\000f\000e\000r\000e\000n\000c\000i\000a\000l}{section.7}% 11
\BOOKMARK [2][-]{subsection.7.2}{\376\377\000M\000a\000r\000c\000o\000\040\000C\000o\000n\000t\000e\000x\000t\000u\000a\000l}{section.7}% 12
\BOOKMARK [3][-]{subsubsection.7.2.1}{\376\377\000M\000e\000t\000o\000d\000o\000l\000o\000g\000\355\000a\000\040\000\341\000g\000i\000l}{subsection.7.2}% 13
\BOOKMARK [4][-]{paragraph.7.2.1.1}{\376\377\000D\000e\000s\000c\000r\000i\000p\000c\000i\000\363\000n\000\040\000g\000e\000n\000e\000r\000a\000l\000\040\000d\000e\000\040\000l\000a\000\040\000m\000e\000t\000o\000d\000o\000l\000o\000g\000\355\000a}{subsubsection.7.2.1}% 14
\BOOKMARK [4][-]{paragraph.7.2.1.2}{\376\377\000R\000o\000l\000e\000s}{subsubsection.7.2.1}% 15
\BOOKMARK [4][-]{paragraph.7.2.1.3}{\376\377\000F\000a\000s\000e\000s}{subsubsection.7.2.1}% 16
\BOOKMARK [2][-]{subsection.7.3}{\376\377\000M\000a\000r\000c\000o\000\040\000C\000o\000n\000c\000e\000p\000t\000u\000a\000l}{section.7}% 17
\BOOKMARK [3][-]{subsubsection.7.3.1}{\376\377\000J\000S\000O\000N}{subsection.7.3}% 18
\BOOKMARK [3][-]{subsubsection.7.3.2}{\376\377\000X\000M\000L}{subsection.7.3}% 19
\BOOKMARK [3][-]{subsubsection.7.3.3}{\376\377\000C\000o\000m\000p\000i\000l\000a\000d\000o\000r\000e\000s}{subsection.7.3}% 20
\BOOKMARK [3][-]{subsubsection.7.3.4}{\376\377\000L\000e\000n\000g\000u\000a\000j\000e\000s\000\040\000d\000e\000\040\000m\000o\000d\000e\000l\000a\000d\000o}{subsection.7.3}% 21
\BOOKMARK [1][-]{section.8}{\376\377\000M\000E\000T\000O\000D\000O\000L\000O\000G\000\315\000A}{}% 22
\BOOKMARK [2][-]{subsection.8.1}{\376\377\000B\000\372\000s\000q\000u\000e\000d\000a\000\040\000d\000e\000\040\000a\000p\000l\000i\000c\000a\000t\000i\000v\000o\000s\000\040\000r\000e\000l\000a\000c\000i\000o\000n\000a\000d\000o\000s}{section.8}% 23
\BOOKMARK [2][-]{subsection.8.2}{\376\377\000M\000o\000d\000e\000l\000a\000m\000i\000e\000n\000t\000o}{section.8}% 24
\BOOKMARK [2][-]{subsection.8.3}{\376\377\000D\000e\000s\000a\000r\000r\000o\000l\000l\000o\000\040\000d\000e\000l\000\040\000c\000\363\000d\000i\000g\000o}{section.8}% 25
\BOOKMARK [2][-]{subsection.8.4}{\376\377\000P\000r\000u\000e\000b\000a\000s\000\040\000u\000n\000i\000t\000a\000r\000i\000a\000s}{section.8}% 26
\BOOKMARK [2][-]{subsection.8.5}{\376\377\000E\000v\000a\000l\000u\000a\000c\000i\000\363\000n\000\040\000c\000o\000n\000\040\000s\000i\000s\000t\000e\000m\000a\000s\000\040\000d\000e\000\040\000i\000n\000f\000o\000r\000m\000a\000c\000i\000\363\000n\000\040\000r\000e\000a\000l\000e\000s}{section.8}% 27
\BOOKMARK [2][-]{subsection.8.6}{\376\377\000M\000o\000d\000e\000l\000o\000\040\000d\000e\000\040\000p\000r\000o\000t\000o\000t\000i\000p\000a\000d\000o}{section.8}% 28
\BOOKMARK [1][-]{section.9}{\376\377\000C\000R\000O\000N\000O\000G\000R\000A\000M\000A\000\040\000D\000E\000\040\000A\000C\000T\000I\000V\000I\000D\000A\000D\000E\000S}{}% 29
\BOOKMARK [1][-]{section.10}{\376\377\000R\000E\000S\000U\000L\000T\000A\000D\000O\000S\000\040\000E\000S\000P\000E\000R\000A\000D\000O\000S}{}% 30
